INFO: [VRFC 10-2263] Analyzing Verilog file "/home/matthew/shared/NeuralNetwork/NeuralNetwork.sim/sim_1/impl/func/xsim/TDNN_TB_func_impl.v" into library xil_defaultlib
INFO: [VRFC 10-311] analyzing module DELAY
INFO: [VRFC 10-311] analyzing module DELAY_0
INFO: [VRFC 10-311] analyzing module DELAY_1
INFO: [VRFC 10-311] analyzing module DELAY_2
INFO: [VRFC 10-311] analyzing module NEURON
INFO: [VRFC 10-311] analyzing module NEURON_10
INFO: [VRFC 10-311] analyzing module NEURON_11
INFO: [VRFC 10-311] analyzing module NEURON_12
INFO: [VRFC 10-311] analyzing module NEURON_3
INFO: [VRFC 10-311] analyzing module NEURON_5
INFO: [VRFC 10-311] analyzing module NEURON_6
INFO: [VRFC 10-311] analyzing module NEURON_7
INFO: [VRFC 10-311] analyzing module NEURON_8
INFO: [VRFC 10-311] analyzing module NEURON_9
INFO: [VRFC 10-311] analyzing module NEURON_LIN
INFO: [VRFC 10-311] analyzing module NEURON_LIN_4
INFO: [VRFC 10-311] analyzing module Seg7
INFO: [VRFC 10-311] analyzing module Sigmoid
INFO: [VRFC 10-311] analyzing module Sigmoid_13
INFO: [VRFC 10-311] analyzing module Sigmoid_14
INFO: [VRFC 10-311] analyzing module Sigmoid_15
INFO: [VRFC 10-311] analyzing module Sigmoid_16
INFO: [VRFC 10-311] analyzing module Sigmoid_17
INFO: [VRFC 10-311] analyzing module Sigmoid_18
INFO: [VRFC 10-311] analyzing module Sigmoid_19
INFO: [VRFC 10-311] analyzing module Sigmoid_20
INFO: [VRFC 10-311] analyzing module Sigmoid_21
INFO: [VRFC 10-311] analyzing module TDNN
INFO: [VRFC 10-311] analyzing module TDNN_TOP
INFO: [VRFC 10-311] analyzing module seg7Decode
INFO: [VRFC 10-311] analyzing module glbl
